<?xml version="1.0" encoding="UTF-8"?>
<!-- Generated by org.testng.reporters.JUnitReportReporter -->
<testsuite hostname="LAPTOP-8UKHKL7O" failures="0" tests="3" name="fitpeotest.FitpeoTest" time="4.968" errors="0" timestamp="2024-11-26T23:39:52 IST" skipped="0">
  <testcase classname="fitpeotest.FitpeoTest" name="adjustSliderTest" time="1.818"/>
  <testcase classname="fitpeotest.FitpeoTest" name="updateTextFieldTest" time="0.294"/>
  <testcase classname="fitpeotest.FitpeoTest" name="selectCPTCodeTest" time="2.856"/>
</testsuite> <!-- fitpeotest.FitpeoTest -->
