<?xml version="1.0" encoding="UTF-8"?>
<!-- Generated by org.testng.reporters.JUnitReportReporter -->
<testsuite hostname="LAPTOP-8UKHKL7O" failures="0" tests="3" name="fitpeotest.FitpeoTest" time="2.540" errors="0" timestamp="2024-11-27T10:15:25 IST" skipped="0">
  <testcase classname="fitpeotest.FitpeoTest" name="adjustSliderTest" time="1.582"/>
  <testcase classname="fitpeotest.FitpeoTest" name="updateTextFieldTest" time="0.202"/>
  <testcase classname="fitpeotest.FitpeoTest" name="selectCPTCodeTest" time="0.756"/>
</testsuite> <!-- fitpeotest.FitpeoTest -->
